<?xml version="1.0" encoding="UTF-8"?>
<!-- Generated by org.testng.reporters.JUnitXMLReporter -->
<testsuite ignored="0" hostname="QSP" failures="0" tests="4" name="Test" time="0.189" errors="0" timestamp="2021-04-29T08:03:05 IST">
  <testcase classname="scripts.Test4" name="demo" time="0.026"/>
  <testcase classname="scripts.Test3" name="demo" time="0.002"/>
  <testcase classname="scripts.Test2" name="demo" time="0.011"/>
  <testcase classname="scripts.Test1" name="demo" time="0.006"/>
</testsuite> <!-- Test -->
