<?xml version="1.0" encoding="UTF-8"?>
<testng-results ignored="0" total="4" passed="4" failed="0" skipped="0">
  <reporter-output>
    <line>
      <![CDATA[Hello API]]>
    </line>
    <line>
      <![CDATA[Hello python]]>
    </line>
    <line>
      <![CDATA[Hello java]]>
    </line>
    <line>
      <![CDATA[Hello Selenium]]>
    </line>
  </reporter-output>
  <suite started-at="2021-04-29T08:03:05 IST" name="Suite" finished-at="2021-04-29T08:03:05 IST" duration-ms="189">
    <groups>
    </groups>
    <test started-at="2021-04-29T08:03:05 IST" name="Test" finished-at="2021-04-29T08:03:05 IST" duration-ms="189">
      <class name="scripts.Test1">
        <test-method signature="demo()[pri:0, instance:scripts.Test1@13b13b5d]" started-at="2021-04-29T08:03:05 IST" name="demo" finished-at="2021-04-29T08:03:05 IST" duration-ms="6" status="PASS">
          <reporter-output>
            <line>
              <![CDATA[Hello Selenium]]>
            </line>
          </reporter-output>
        </test-method> <!-- demo -->
      </class> <!-- scripts.Test1 -->
      <class name="scripts.Test3">
        <test-method signature="demo()[pri:0, instance:scripts.Test3@2177849e]" started-at="2021-04-29T08:03:05 IST" name="demo" finished-at="2021-04-29T08:03:05 IST" duration-ms="2" status="PASS">
          <reporter-output>
            <line>
              <![CDATA[Hello python]]>
            </line>
          </reporter-output>
        </test-method> <!-- demo -->
      </class> <!-- scripts.Test3 -->
      <class name="scripts.Test2">
        <test-method signature="demo()[pri:0, instance:scripts.Test2@40cb8df7]" started-at="2021-04-29T08:03:05 IST" name="demo" finished-at="2021-04-29T08:03:05 IST" duration-ms="11" status="PASS">
          <reporter-output>
            <line>
              <![CDATA[Hello java]]>
            </line>
          </reporter-output>
        </test-method> <!-- demo -->
      </class> <!-- scripts.Test2 -->
      <class name="scripts.Test4">
        <test-method signature="demo()[pri:0, instance:scripts.Test4@3541cb24]" started-at="2021-04-29T08:03:05 IST" name="demo" finished-at="2021-04-29T08:03:05 IST" duration-ms="26" status="PASS">
          <reporter-output>
            <line>
              <![CDATA[Hello API]]>
            </line>
          </reporter-output>
        </test-method> <!-- demo -->
      </class> <!-- scripts.Test4 -->
    </test> <!-- Test -->
  </suite> <!-- Suite -->
</testng-results>
